2019-05-13 14:26:26,627 [Worker-10] INFO  o.e.m.c.i.l.LifecycleMappingFactory - Using org.eclipse.m2e.jdt.JarLifecycleMapping lifecycle mapping for MavenProject: com.stb:shetuanbao:1.0-SNAPSHOT @ C:\koori\college\Android\shetuanbao\back\shetuanbao\pom.xml.
2019-05-13 14:27:48,972 [Worker-10] INFO  o.e.m.j.i.AbstractJavaProjectConfigurator - Adding source folder /shetuanbao/src/main/java
2019-05-13 14:27:48,973 [Worker-10] INFO  o.e.m.j.i.AbstractJavaProjectConfigurator - Adding resource folder /shetuanbao/src/main/resources
2019-05-13 14:27:48,981 [Worker-10] INFO  o.e.m.j.i.AbstractJavaProjectConfigurator - Adding resource folder /shetuanbao/src/main/resources
2019-05-13 14:27:48,990 [Worker-10] INFO  o.e.m.j.i.AbstractJavaProjectConfigurator - Adding source folder /shetuanbao/src/test/java
2019-05-13 14:27:48,998 [Worker-10] INFO  o.e.m.j.i.AbstractJavaProjectConfigurator - Adding resource folder /shetuanbao/src/test/resources
2019-05-13 14:27:49,602 [Worker-10] INFO  o.e.m.c.i.p.ProjectConfigurationManager - Imported and configured 1 project(s) in 96 sec
2019-05-13 14:27:50,612 [Worker-13] INFO  o.e.m.c.i.embedder.EclipseLogger - Using 'UTF-8' encoding to copy filtered resources.
2019-05-13 14:27:50,628 [Worker-13] INFO  o.e.m.c.i.embedder.EclipseLogger - Copying 1 resource
2019-05-13 14:27:50,661 [Worker-13] INFO  o.e.m.c.i.embedder.EclipseLogger - Copying 576 resources
2019-05-13 14:27:50,852 [Worker-13] INFO  o.e.m.c.i.embedder.EclipseLogger - Using 'UTF-8' encoding to copy filtered resources.
2019-05-13 14:27:50,852 [Worker-13] INFO  o.e.m.c.i.embedder.EclipseLogger - Copying 4 resources
2019-05-13 14:27:54,650 [Worker-11] INFO  o.e.m.c.i.embedder.EclipseLogger - Using 'UTF-8' encoding to copy filtered resources.
2019-05-13 14:27:54,875 [Worker-11] INFO  o.e.m.c.i.embedder.EclipseLogger - Copying 1 resource
2019-05-13 14:27:55,084 [Worker-11] INFO  o.e.m.c.i.embedder.EclipseLogger - Copying 576 resources
2019-05-13 14:27:59,255 [Worker-11] INFO  o.e.m.c.i.embedder.EclipseLogger - Using 'UTF-8' encoding to copy filtered resources.
2019-05-13 14:27:59,263 [Worker-11] INFO  o.e.m.c.i.embedder.EclipseLogger - Copying 4 resources
2019-05-13 15:46:16,984 [Worker-40] INFO  o.e.m.c.i.embedder.EclipseLogger - Using 'UTF-8' encoding to copy filtered resources.
2019-05-13 15:46:17,144 [Worker-40] INFO  o.e.m.c.i.embedder.EclipseLogger - Copying 1 resource
2019-05-13 15:46:17,285 [Worker-40] INFO  o.e.m.c.i.embedder.EclipseLogger - Copying 576 resources
2019-05-13 15:46:17,404 [Worker-40] INFO  o.e.m.c.i.embedder.EclipseLogger - Using 'UTF-8' encoding to copy filtered resources.
2019-05-13 15:46:17,405 [Worker-40] INFO  o.e.m.c.i.embedder.EclipseLogger - Copying 0 resource
2019-05-13 16:38:56,688 [Worker-75] INFO  o.e.m.c.i.embedder.EclipseLogger - Using 'UTF-8' encoding to copy filtered resources.
2019-05-13 16:38:56,897 [Worker-75] INFO  o.e.m.c.i.embedder.EclipseLogger - Copying 1 resource
2019-05-13 16:38:57,070 [Worker-75] INFO  o.e.m.c.i.embedder.EclipseLogger - Copying 576 resources
2019-05-13 16:38:57,339 [Worker-75] INFO  o.e.m.c.i.embedder.EclipseLogger - Using 'UTF-8' encoding to copy filtered resources.
2019-05-13 16:38:57,341 [Worker-75] INFO  o.e.m.c.i.embedder.EclipseLogger - Copying 0 resource
2019-05-13 16:40:21,063 [Worker-71] INFO  o.e.m.c.i.embedder.EclipseLogger - Using 'UTF-8' encoding to copy filtered resources.
2019-05-13 16:40:21,215 [Worker-71] INFO  o.e.m.c.i.embedder.EclipseLogger - Copying 1 resource
2019-05-13 16:40:21,359 [Worker-71] INFO  o.e.m.c.i.embedder.EclipseLogger - Copying 576 resources
2019-05-13 16:40:21,486 [Worker-71] INFO  o.e.m.c.i.embedder.EclipseLogger - Using 'UTF-8' encoding to copy filtered resources.
2019-05-13 16:40:21,487 [Worker-71] INFO  o.e.m.c.i.embedder.EclipseLogger - Copying 0 resource
2019-05-13 16:49:46,525 [Worker-79] INFO  o.e.m.c.i.e.AbstractTransferListenerAdapter - Downloading https://repo.maven.apache.org/maven2/org/springframework/spring-webmvc/5.1.6.RELEASE/spring-webmvc-5.1.6.RELEASE-sources.jar
2019-05-13 16:49:51,835 [Worker-79] INFO  o.e.m.c.i.e.AbstractTransferListenerAdapter - Downloaded https://repo.maven.apache.org/maven2/org/springframework/spring-webmvc/5.1.6.RELEASE/spring-webmvc-5.1.6.RELEASE-sources.jar
2019-05-13 16:49:51,907 [Worker-79] INFO  o.e.m.j.internal.DownloadSourcesJob - Downloaded sources for org.springframework:spring-webmvc:5.1.6.RELEASE
2019-05-13 16:49:52,338 [Worker-71] INFO  o.e.m.c.i.embedder.EclipseLogger - Using 'UTF-8' encoding to copy filtered resources.
2019-05-13 16:49:52,339 [Worker-71] INFO  o.e.m.c.i.embedder.EclipseLogger - Copying 0 resource
2019-05-13 16:49:52,340 [Worker-71] INFO  o.e.m.c.i.embedder.EclipseLogger - Copying 0 resource
2019-05-13 16:49:52,342 [Worker-71] INFO  o.e.m.c.i.embedder.EclipseLogger - Using 'UTF-8' encoding to copy filtered resources.
2019-05-13 16:49:52,343 [Worker-71] INFO  o.e.m.c.i.embedder.EclipseLogger - Copying 0 resource
2019-05-13 16:59:47,150 [main] INFO  o.e.m2e.actions.ExecutePomAction - Creating new launch configuration
2019-05-13 17:03:27,722 [Worker-87] INFO  o.e.m.c.i.embedder.EclipseLogger - Using 'UTF-8' encoding to copy filtered resources.
2019-05-13 17:03:27,724 [Worker-87] INFO  o.e.m.c.i.embedder.EclipseLogger - Copying 1 resource
2019-05-13 17:03:27,729 [Worker-87] INFO  o.e.m.c.i.embedder.EclipseLogger - Copying 0 resource
2019-05-13 17:03:27,731 [Worker-87] INFO  o.e.m.c.i.embedder.EclipseLogger - Using 'UTF-8' encoding to copy filtered resources.
2019-05-13 17:03:27,732 [Worker-87] INFO  o.e.m.c.i.embedder.EclipseLogger - Copying 0 resource
2019-05-13 17:05:16,858 [Worker-99] INFO  o.e.m.c.i.embedder.EclipseLogger - Using 'UTF-8' encoding to copy filtered resources.
2019-05-13 17:05:16,859 [Worker-99] INFO  o.e.m.c.i.embedder.EclipseLogger - Copying 1 resource
2019-05-13 17:05:16,863 [Worker-99] INFO  o.e.m.c.i.embedder.EclipseLogger - Copying 0 resource
2019-05-13 17:05:16,866 [Worker-99] INFO  o.e.m.c.i.embedder.EclipseLogger - Using 'UTF-8' encoding to copy filtered resources.
2019-05-13 17:05:16,867 [Worker-99] INFO  o.e.m.c.i.embedder.EclipseLogger - Copying 0 resource
2019-05-13 17:06:43,500 [Worker-103] INFO  o.e.m.c.i.embedder.EclipseLogger - Using 'UTF-8' encoding to copy filtered resources.
2019-05-13 17:06:43,713 [Worker-103] INFO  o.e.m.c.i.embedder.EclipseLogger - Copying 1 resource
2019-05-13 17:06:43,863 [Worker-103] INFO  o.e.m.c.i.embedder.EclipseLogger - Copying 576 resources
2019-05-13 17:06:44,073 [Worker-103] INFO  o.e.m.c.i.embedder.EclipseLogger - Using 'UTF-8' encoding to copy filtered resources.
2019-05-13 17:06:44,073 [Worker-103] INFO  o.e.m.c.i.embedder.EclipseLogger - Copying 0 resource
2019-05-13 17:07:31,076 [Worker-87] INFO  o.e.m.c.i.embedder.EclipseLogger - Using 'UTF-8' encoding to copy filtered resources.
2019-05-13 17:07:31,230 [Worker-87] INFO  o.e.m.c.i.embedder.EclipseLogger - Copying 1 resource
2019-05-13 17:07:31,416 [Worker-87] INFO  o.e.m.c.i.embedder.EclipseLogger - Copying 576 resources
2019-05-13 17:07:31,551 [Worker-87] INFO  o.e.m.c.i.embedder.EclipseLogger - Using 'UTF-8' encoding to copy filtered resources.
2019-05-13 17:07:31,552 [Worker-87] INFO  o.e.m.c.i.embedder.EclipseLogger - Copying 0 resource
